<?xml version="1.0" encoding="UTF-8"?>
<!-- Generated by org.testng.reporters.JUnitXMLReporter -->
<testsuite ignored="0" hostname="Dhanashri" failures="1" tests="4" name="Test" time="69.552" errors="0" timestamp="2025-03-28T13:26:21 IST">
  <testcase classname="Akamai.EtETest.SubmitTestETE" name="sumitOrder" time="12.412"/>
  <testcase classname="Akamai.EtETest.SubmitTestETE" name="sumitOrder" time="11.912"/>
  <testcase classname="Akamai.EtETest.ErrorValidationsTestETE" name="prouctErrorValidation" time="8.508"/>
  <testcase classname="Akamai.EtETest.ErrorValidationsTestETE" name="qoginErrorValidation" time="0.464">
    <failure type="java.lang.AssertionError" message="expected [Incorrect email or password.] but found [Incorrect Remove email or password.]">
      <![CDATA[java.lang.AssertionError: expected [Incorrect email or password.] but found [Incorrect Remove email or password.]
at Akamai.EtETest.ErrorValidationsTestETE.qoginErrorValidation(ErrorValidationsTestETE.java:19)
at java.base/java.util.ArrayList.forEach(ArrayList.java:1596)
... Removed 31 stack frames]]>
    </failure>
  </testcase> <!-- qoginErrorValidation -->
</testsuite> <!-- Test -->
